<?xml version="1.0" encoding="UTF-8"?>
<!-- Generated by org.testng.reporters.JUnitXMLReporter -->
<testsuite ignored="0" hostname="DESKTOP-24T7UKH" failures="0" tests="3" name="Default test" time="6.51" errors="0" timestamp="2024-07-10T16:42:29 IST">
  <testcase classname="practiceAutomationTest.PracticeAutomation" name="TC002_IncorrectUserName" time="4.504"/>
  <testcase classname="practiceAutomationTest.PracticeAutomation" name="TC003_IncorrectPassword" time="0.35"/>
  <testcase classname="practiceAutomationTest.PracticeAutomation" name="TC004_ValidCredentials" time="1.553"/>
</testsuite> <!-- Default test -->
